  ITE-gra.cpp
  button.cpp
C:\Users\agpod\Desktop\ITE-gra\ITE-gra\ITE-gra\button.cpp(9,16): warning C4244: "inicjowanie": konwersja z "float" do "int", możliwa utrata danych
C:\Users\agpod\Desktop\ITE-gra\ITE-gra\ITE-gra\button.cpp(10,17): warning C4244: "inicjowanie": konwersja z "float" do "int", możliwa utrata danych
C:\Users\agpod\Desktop\ITE-gra\ITE-gra\ITE-gra\button.cpp(30,51): warning C4838: konwersja z „int” do „float” wymaga konwersji zawężającej
C:\Users\agpod\Desktop\ITE-gra\ITE-gra\ITE-gra\button.cpp(30,51): warning C4244: "inicjowanie": konwersja z "int" do "float", możliwa utrata danych
C:\Users\agpod\Desktop\ITE-gra\ITE-gra\ITE-gra\button.cpp(30,65): warning C4838: konwersja z „int” do „float” wymaga konwersji zawężającej
C:\Users\agpod\Desktop\ITE-gra\ITE-gra\ITE-gra\button.cpp(30,65): warning C4244: "inicjowanie": konwersja z "int" do "float", możliwa utrata danych
  editor.cpp
C:\Users\agpod\Desktop\ITE-gra\ITE-gra\ITE-gra\editor.cpp(163,18): warning C4267: "inicjowanie": konwersja z "size_t" do "int", możliwa utrata danych
C:\Users\agpod\Desktop\ITE-gra\ITE-gra\ITE-gra\editor.cpp(164,18): warning C4267: "inicjowanie": konwersja z "size_t" do "int", możliwa utrata danych
C:\Users\agpod\Desktop\ITE-gra\ITE-gra\ITE-gra\editor.cpp(177,21): warning C4244: "inicjowanie": konwersja z "float" do "int", możliwa utrata danych
C:\Users\agpod\Desktop\ITE-gra\ITE-gra\ITE-gra\editor.cpp(178,21): warning C4244: "inicjowanie": konwersja z "float" do "int", możliwa utrata danych
  game.cpp
C:\Users\agpod\Desktop\ITE-gra\ITE-gra\ITE-gra\game.cpp(44,39): warning C4244: "=": konwersja z "float" do "int", możliwa utrata danych
C:\Users\agpod\Desktop\ITE-gra\ITE-gra\ITE-gra\game.cpp(45,40): warning C4244: "=": konwersja z "float" do "int", możliwa utrata danych
C:\Users\agpod\Desktop\ITE-gra\ITE-gra\ITE-gra\game.cpp(140,37): warning C4244: "=": konwersja z "int" do "float", możliwa utrata danych
C:\Users\agpod\Desktop\ITE-gra\ITE-gra\ITE-gra\game.cpp(141,26): warning C4244: "=": konwersja z "int" do "float", możliwa utrata danych
C:\Users\agpod\Desktop\ITE-gra\ITE-gra\ITE-gra\game.cpp(144,36): warning C4244: "=": konwersja z "int" do "float", możliwa utrata danych
C:\Users\agpod\Desktop\ITE-gra\ITE-gra\ITE-gra\game.cpp(145,24): warning C4244: "=": konwersja z "int" do "float", możliwa utrata danych
C:\Users\agpod\Desktop\ITE-gra\ITE-gra\ITE-gra\game.cpp(148,41): warning C4244: "=": konwersja z "int" do "float", możliwa utrata danych
C:\Users\agpod\Desktop\ITE-gra\ITE-gra\ITE-gra\game.cpp(149,29): warning C4244: "=": konwersja z "int" do "float", możliwa utrata danych
C:\Users\agpod\Desktop\ITE-gra\ITE-gra\ITE-gra\game.cpp(152,37): warning C4244: "=": konwersja z "int" do "float", możliwa utrata danych
C:\Users\agpod\Desktop\ITE-gra\ITE-gra\ITE-gra\game.cpp(153,34): warning C4244: "=": konwersja z "double" do "float", możliwa utrata danych
C:\Users\agpod\Desktop\ITE-gra\ITE-gra\ITE-gra\game.cpp(385,70): warning C4244: "argument": konwersja z "float" do "int", możliwa utrata danych
C:\Users\agpod\Desktop\ITE-gra\ITE-gra\ITE-gra\game.cpp(385,55): warning C4244: "argument": konwersja z "float" do "int", możliwa utrata danych
C:\Users\agpod\Desktop\ITE-gra\ITE-gra\ITE-gra\game.cpp(463,16): warning C4267: "inicjowanie": konwersja z "size_t" do "int", możliwa utrata danych
C:\Users\agpod\Desktop\ITE-gra\ITE-gra\ITE-gra\game.cpp(551,21): warning C4305: "inicjowanie": obcięcie z "double" do "float"
C:\Users\agpod\Desktop\ITE-gra\ITE-gra\ITE-gra\game.cpp(557,30): warning C4838: konwersja z „int” do „float” wymaga konwersji zawężającej
C:\Users\agpod\Desktop\ITE-gra\ITE-gra\ITE-gra\game.cpp(557,30): warning C4244: "inicjowanie": konwersja z "int" do "float", możliwa utrata danych
C:\Users\agpod\Desktop\ITE-gra\ITE-gra\ITE-gra\game.cpp(557,45): warning C4838: konwersja z „int” do „float” wymaga konwersji zawężającej
C:\Users\agpod\Desktop\ITE-gra\ITE-gra\ITE-gra\game.cpp(557,45): warning C4244: "inicjowanie": konwersja z "int" do "float", możliwa utrata danych
C:\Users\agpod\Desktop\ITE-gra\ITE-gra\ITE-gra\game.cpp(558,32): warning C4838: konwersja z „int” do „float” wymaga konwersji zawężającej
C:\Users\agpod\Desktop\ITE-gra\ITE-gra\ITE-gra\game.cpp(558,32): warning C4244: "inicjowanie": konwersja z "int" do "float", możliwa utrata danych
C:\Users\agpod\Desktop\ITE-gra\ITE-gra\ITE-gra\game.cpp(558,47): warning C4838: konwersja z „int” do „float” wymaga konwersji zawężającej
C:\Users\agpod\Desktop\ITE-gra\ITE-gra\ITE-gra\game.cpp(558,47): warning C4244: "inicjowanie": konwersja z "int" do "float", możliwa utrata danych
C:\Users\agpod\Desktop\ITE-gra\ITE-gra\ITE-gra\game.cpp(559,26): warning C4838: konwersja z „int” do „float” wymaga konwersji zawężającej
C:\Users\agpod\Desktop\ITE-gra\ITE-gra\ITE-gra\game.cpp(559,26): warning C4244: "inicjowanie": konwersja z "int" do "float", możliwa utrata danych
C:\Users\agpod\Desktop\ITE-gra\ITE-gra\ITE-gra\game.cpp(559,40): warning C4838: konwersja z „int” do „float” wymaga konwersji zawężającej
C:\Users\agpod\Desktop\ITE-gra\ITE-gra\ITE-gra\game.cpp(559,40): warning C4244: "inicjowanie": konwersja z "int" do "float", możliwa utrata danych
C:\Users\agpod\Desktop\ITE-gra\ITE-gra\ITE-gra\game.cpp(610,26): warning C4305: "-=": obcięcie z "double" do "float"
  settings.cpp
C:\Users\agpod\Desktop\ITE-gra\ITE-gra\ITE-gra\settings.cpp(28,29): warning C4244: "=": konwersja z "double" do "float", możliwa utrata danych
C:\Users\agpod\Desktop\ITE-gra\ITE-gra\ITE-gra\settings.cpp(29,30): warning C4244: "=": konwersja z "double" do "float", możliwa utrata danych
C:\Users\agpod\Desktop\ITE-gra\ITE-gra\ITE-gra\settings.cpp(85,21): warning C4838: konwersja z „int” do „float” wymaga konwersji zawężającej
C:\Users\agpod\Desktop\ITE-gra\ITE-gra\ITE-gra\settings.cpp(85,21): warning C4244: "inicjowanie": konwersja z "int" do "float", możliwa utrata danych
C:\Users\agpod\Desktop\ITE-gra\ITE-gra\ITE-gra\settings.cpp(85,26): warning C4838: konwersja z „int” do „float” wymaga konwersji zawężającej
C:\Users\agpod\Desktop\ITE-gra\ITE-gra\ITE-gra\settings.cpp(85,26): warning C4244: "inicjowanie": konwersja z "int" do "float", możliwa utrata danych
C:\Users\agpod\Desktop\ITE-gra\ITE-gra\ITE-gra\settings.cpp(85,31): warning C4838: konwersja z „int” do „float” wymaga konwersji zawężającej
C:\Users\agpod\Desktop\ITE-gra\ITE-gra\ITE-gra\settings.cpp(85,31): warning C4244: "inicjowanie": konwersja z "int" do "float", możliwa utrata danych
C:\Users\agpod\Desktop\ITE-gra\ITE-gra\ITE-gra\settings.cpp(85,37): warning C4838: konwersja z „int” do „float” wymaga konwersji zawężającej
C:\Users\agpod\Desktop\ITE-gra\ITE-gra\ITE-gra\settings.cpp(85,37): warning C4244: "inicjowanie": konwersja z "int" do "float", możliwa utrata danych
C:\Users\agpod\Desktop\ITE-gra\ITE-gra\ITE-gra\settings.cpp(121,45): warning C4244: "argument": konwersja z "float" do "int", możliwa utrata danych
C:\Users\agpod\Desktop\ITE-gra\ITE-gra\ITE-gra\settings.cpp(121,34): warning C4244: "argument": konwersja z "float" do "int", możliwa utrata danych
C:\Users\agpod\Desktop\ITE-gra\ITE-gra\ITE-gra\settings.cpp(146,25): warning C4838: konwersja z „int” do „float” wymaga konwersji zawężającej
C:\Users\agpod\Desktop\ITE-gra\ITE-gra\ITE-gra\settings.cpp(146,25): warning C4244: "inicjowanie": konwersja z "int" do "float", możliwa utrata danych
C:\Users\agpod\Desktop\ITE-gra\ITE-gra\ITE-gra\settings.cpp(146,30): warning C4838: konwersja z „int” do „float” wymaga konwersji zawężającej
C:\Users\agpod\Desktop\ITE-gra\ITE-gra\ITE-gra\settings.cpp(146,30): warning C4244: "inicjowanie": konwersja z "int" do "float", możliwa utrata danych
C:\Users\agpod\Desktop\ITE-gra\ITE-gra\ITE-gra\settings.cpp(147,25): warning C4838: konwersja z „int” do „float” wymaga konwersji zawężającej
C:\Users\agpod\Desktop\ITE-gra\ITE-gra\ITE-gra\settings.cpp(147,25): warning C4244: "inicjowanie": konwersja z "int" do "float", możliwa utrata danych
C:\Users\agpod\Desktop\ITE-gra\ITE-gra\ITE-gra\settings.cpp(147,30): warning C4838: konwersja z „int” do „float” wymaga konwersji zawężającej
C:\Users\agpod\Desktop\ITE-gra\ITE-gra\ITE-gra\settings.cpp(147,30): warning C4244: "inicjowanie": konwersja z "int" do "float", możliwa utrata danych
C:\Users\agpod\Desktop\ITE-gra\ITE-gra\ITE-gra\settings.cpp(167,12): warning C4244: "inicjowanie": konwersja z "float" do "int", możliwa utrata danych
C:\Users\agpod\Desktop\ITE-gra\ITE-gra\ITE-gra\settings.cpp(168,13): warning C4244: "inicjowanie": konwersja z "float" do "int", możliwa utrata danych
C:\Users\agpod\Desktop\ITE-gra\ITE-gra\ITE-gra\settings.cpp(170,17): warning C4838: konwersja z „int” do „float” wymaga konwersji zawężającej
C:\Users\agpod\Desktop\ITE-gra\ITE-gra\ITE-gra\settings.cpp(170,17): warning C4244: "inicjowanie": konwersja z "int" do "float", możliwa utrata danych
C:\Users\agpod\Desktop\ITE-gra\ITE-gra\ITE-gra\settings.cpp(170,22): warning C4838: konwersja z „int” do „float” wymaga konwersji zawężającej
C:\Users\agpod\Desktop\ITE-gra\ITE-gra\ITE-gra\settings.cpp(170,22): warning C4244: "inicjowanie": konwersja z "int" do "float", możliwa utrata danych
C:\Users\agpod\Desktop\ITE-gra\ITE-gra\ITE-gra\settings.cpp(170,28): warning C4838: konwersja z „int” do „float” wymaga konwersji zawężającej
C:\Users\agpod\Desktop\ITE-gra\ITE-gra\ITE-gra\settings.cpp(170,28): warning C4244: "inicjowanie": konwersja z "int" do "float", możliwa utrata danych
C:\Users\agpod\Desktop\ITE-gra\ITE-gra\ITE-gra\settings.cpp(170,34): warning C4838: konwersja z „int” do „float” wymaga konwersji zawężającej
C:\Users\agpod\Desktop\ITE-gra\ITE-gra\ITE-gra\settings.cpp(170,34): warning C4244: "inicjowanie": konwersja z "int" do "float", możliwa utrata danych
C:\Users\agpod\Desktop\ITE-gra\ITE-gra\ITE-gra\settings.cpp(171,51): warning C4838: konwersja z „int” do „float” wymaga konwersji zawężającej
C:\Users\agpod\Desktop\ITE-gra\ITE-gra\ITE-gra\settings.cpp(171,51): warning C4244: "inicjowanie": konwersja z "int" do "float", możliwa utrata danych
C:\Users\agpod\Desktop\ITE-gra\ITE-gra\ITE-gra\settings.cpp(171,56): warning C4838: konwersja z „int” do „float” wymaga konwersji zawężającej
C:\Users\agpod\Desktop\ITE-gra\ITE-gra\ITE-gra\settings.cpp(171,56): warning C4244: "inicjowanie": konwersja z "int" do "float", możliwa utrata danych
C:\Users\agpod\Desktop\ITE-gra\ITE-gra\ITE-gra\settings.cpp(171,62): warning C4838: konwersja z „int” do „float” wymaga konwersji zawężającej
C:\Users\agpod\Desktop\ITE-gra\ITE-gra\ITE-gra\settings.cpp(171,62): warning C4244: "inicjowanie": konwersja z "int" do "float", możliwa utrata danych
C:\Users\agpod\Desktop\ITE-gra\ITE-gra\ITE-gra\settings.cpp(172,51): warning C4838: konwersja z „int” do „float” wymaga konwersji zawężającej
C:\Users\agpod\Desktop\ITE-gra\ITE-gra\ITE-gra\settings.cpp(172,51): warning C4244: "inicjowanie": konwersja z "int" do "float", możliwa utrata danych
C:\Users\agpod\Desktop\ITE-gra\ITE-gra\ITE-gra\settings.cpp(172,56): warning C4838: konwersja z „int” do „float” wymaga konwersji zawężającej
C:\Users\agpod\Desktop\ITE-gra\ITE-gra\ITE-gra\settings.cpp(172,56): warning C4244: "inicjowanie": konwersja z "int" do "float", możliwa utrata danych
C:\Users\agpod\Desktop\ITE-gra\ITE-gra\ITE-gra\settings.cpp(172,62): warning C4838: konwersja z „int” do „float” wymaga konwersji zawężającej
C:\Users\agpod\Desktop\ITE-gra\ITE-gra\ITE-gra\settings.cpp(172,62): warning C4244: "inicjowanie": konwersja z "int" do "float", możliwa utrata danych
C:\Users\agpod\Desktop\ITE-gra\ITE-gra\ITE-gra\settings.cpp(193,64): warning C4244: "argument": konwersja z "float" do "int", możliwa utrata danych
C:\Users\agpod\Desktop\ITE-gra\ITE-gra\ITE-gra\settings.cpp(193,47): warning C4244: "argument": konwersja z "float" do "int", możliwa utrata danych
C:\Users\agpod\Desktop\ITE-gra\ITE-gra\ITE-gra\settings.cpp(193,26): warning C4244: "argument": konwersja z "float" do "int", możliwa utrata danych
C:\Users\agpod\Desktop\ITE-gra\ITE-gra\ITE-gra\settings.cpp(194,69): warning C4244: "argument": konwersja z "float" do "int", możliwa utrata danych
C:\Users\agpod\Desktop\ITE-gra\ITE-gra\ITE-gra\settings.cpp(194,53): warning C4244: "argument": konwersja z "float" do "int", możliwa utrata danych
C:\Users\agpod\Desktop\ITE-gra\ITE-gra\ITE-gra\settings.cpp(194,30): warning C4244: "argument": konwersja z "float" do "int", możliwa utrata danych
C:\Users\agpod\Desktop\ITE-gra\ITE-gra\ITE-gra\settings.cpp(195,63): warning C4244: "argument": konwersja z "float" do "int", możliwa utrata danych
C:\Users\agpod\Desktop\ITE-gra\ITE-gra\ITE-gra\settings.cpp(195,47): warning C4244: "argument": konwersja z "float" do "int", możliwa utrata danych
C:\Users\agpod\Desktop\ITE-gra\ITE-gra\ITE-gra\settings.cpp(195,26): warning C4244: "argument": konwersja z "float" do "int", możliwa utrata danych
C:\Users\agpod\Desktop\ITE-gra\ITE-gra\ITE-gra\settings.cpp(213,14): warning C4244: "inicjowanie": konwersja z "float" do "int", możliwa utrata danych
C:\Users\agpod\Desktop\ITE-gra\ITE-gra\ITE-gra\settings.cpp(214,14): warning C4244: "inicjowanie": konwersja z "float" do "int", możliwa utrata danych
C:\Users\agpod\Desktop\ITE-gra\ITE-gra\ITE-gra\settings.cpp(215,11): warning C4244: "inicjowanie": konwersja z "float" do "int", możliwa utrata danych
C:\Users\agpod\Desktop\ITE-gra\ITE-gra\ITE-gra\settings.cpp(216,12): warning C4244: "inicjowanie": konwersja z "float" do "int", możliwa utrata danych
C:\Users\agpod\Desktop\ITE-gra\ITE-gra\ITE-gra\settings.cpp(217,13): warning C4244: "inicjowanie": konwersja z "float" do "int", możliwa utrata danych
C:\Users\agpod\Desktop\ITE-gra\ITE-gra\ITE-gra\settings.cpp(219,25): warning C4838: konwersja z „int” do „float” wymaga konwersji zawężającej
C:\Users\agpod\Desktop\ITE-gra\ITE-gra\ITE-gra\settings.cpp(219,25): warning C4244: "inicjowanie": konwersja z "int" do "float", możliwa utrata danych
C:\Users\agpod\Desktop\ITE-gra\ITE-gra\ITE-gra\settings.cpp(219,31): warning C4838: konwersja z „int” do „float” wymaga konwersji zawężającej
C:\Users\agpod\Desktop\ITE-gra\ITE-gra\ITE-gra\settings.cpp(219,31): warning C4244: "inicjowanie": konwersja z "int" do "float", możliwa utrata danych
C:\Users\agpod\Desktop\ITE-gra\ITE-gra\ITE-gra\settings.cpp(219,37): warning C4838: konwersja z „int” do „float” wymaga konwersji zawężającej
C:\Users\agpod\Desktop\ITE-gra\ITE-gra\ITE-gra\settings.cpp(219,37): warning C4244: "inicjowanie": konwersja z "int" do "float", możliwa utrata danych
C:\Users\agpod\Desktop\ITE-gra\ITE-gra\ITE-gra\settings.cpp(219,44): warning C4838: konwersja z „int” do „float” wymaga konwersji zawężającej
C:\Users\agpod\Desktop\ITE-gra\ITE-gra\ITE-gra\settings.cpp(219,44): warning C4244: "inicjowanie": konwersja z "int" do "float", możliwa utrata danych
C:\Users\agpod\Desktop\ITE-gra\ITE-gra\ITE-gra\settings.cpp(232,24): warning C4838: konwersja z „int” do „float” wymaga konwersji zawężającej
C:\Users\agpod\Desktop\ITE-gra\ITE-gra\ITE-gra\settings.cpp(232,24): warning C4244: "inicjowanie": konwersja z "int" do "float", możliwa utrata danych
C:\Users\agpod\Desktop\ITE-gra\ITE-gra\ITE-gra\settings.cpp(232,54): warning C4838: konwersja z „int” do „float” wymaga konwersji zawężającej
C:\Users\agpod\Desktop\ITE-gra\ITE-gra\ITE-gra\settings.cpp(232,54): warning C4244: "inicjowanie": konwersja z "int" do "float", możliwa utrata danych
C:\Users\agpod\Desktop\ITE-gra\ITE-gra\ITE-gra\settings.cpp(232,61): warning C4838: konwersja z „int” do „float” wymaga konwersji zawężającej
C:\Users\agpod\Desktop\ITE-gra\ITE-gra\ITE-gra\settings.cpp(232,61): warning C4244: "inicjowanie": konwersja z "int" do "float", możliwa utrata danych
C:\Users\agpod\Desktop\ITE-gra\ITE-gra\ITE-gra\settings.cpp(233,25): warning C4838: konwersja z „int” do „float” wymaga konwersji zawężającej
C:\Users\agpod\Desktop\ITE-gra\ITE-gra\ITE-gra\settings.cpp(233,25): warning C4244: "inicjowanie": konwersja z "int" do "float", możliwa utrata danych
C:\Users\agpod\Desktop\ITE-gra\ITE-gra\ITE-gra\settings.cpp(233,59): warning C4838: konwersja z „int” do „float” wymaga konwersji zawężającej
C:\Users\agpod\Desktop\ITE-gra\ITE-gra\ITE-gra\settings.cpp(233,59): warning C4244: "inicjowanie": konwersja z "int" do "float", możliwa utrata danych
C:\Users\agpod\Desktop\ITE-gra\ITE-gra\ITE-gra\settings.cpp(233,66): warning C4838: konwersja z „int” do „float” wymaga konwersji zawężającej
C:\Users\agpod\Desktop\ITE-gra\ITE-gra\ITE-gra\settings.cpp(233,66): warning C4244: "inicjowanie": konwersja z "int" do "float", możliwa utrata danych
C:\Users\agpod\Desktop\ITE-gra\ITE-gra\ITE-gra\settings.cpp(234,25): warning C4838: konwersja z „int” do „float” wymaga konwersji zawężającej
C:\Users\agpod\Desktop\ITE-gra\ITE-gra\ITE-gra\settings.cpp(234,25): warning C4244: "inicjowanie": konwersja z "int" do "float", możliwa utrata danych
C:\Users\agpod\Desktop\ITE-gra\ITE-gra\ITE-gra\settings.cpp(234,60): warning C4838: konwersja z „int” do „float” wymaga konwersji zawężającej
C:\Users\agpod\Desktop\ITE-gra\ITE-gra\ITE-gra\settings.cpp(234,60): warning C4244: "inicjowanie": konwersja z "int" do "float", możliwa utrata danych
C:\Users\agpod\Desktop\ITE-gra\ITE-gra\ITE-gra\settings.cpp(234,67): warning C4838: konwersja z „int” do „float” wymaga konwersji zawężającej
C:\Users\agpod\Desktop\ITE-gra\ITE-gra\ITE-gra\settings.cpp(234,67): warning C4244: "inicjowanie": konwersja z "int" do "float", możliwa utrata danych
C:\Users\agpod\Desktop\ITE-gra\ITE-gra\ITE-gra\settings.cpp(246,52): warning C4244: "argument": konwersja z "float" do "int", możliwa utrata danych
C:\Users\agpod\Desktop\ITE-gra\ITE-gra\ITE-gra\settings.cpp(246,32): warning C4244: "argument": konwersja z "float" do "int", możliwa utrata danych
C:\Users\agpod\Desktop\ITE-gra\ITE-gra\ITE-gra\settings.cpp(247,55): warning C4244: "argument": konwersja z "float" do "int", możliwa utrata danych
C:\Users\agpod\Desktop\ITE-gra\ITE-gra\ITE-gra\settings.cpp(247,34): warning C4244: "argument": konwersja z "float" do "int", możliwa utrata danych
C:\Users\agpod\Desktop\ITE-gra\ITE-gra\ITE-gra\settings.cpp(248,55): warning C4244: "argument": konwersja z "float" do "int", możliwa utrata danych
C:\Users\agpod\Desktop\ITE-gra\ITE-gra\ITE-gra\settings.cpp(248,34): warning C4244: "argument": konwersja z "float" do "int", możliwa utrata danych
C:\Users\agpod\Desktop\ITE-gra\ITE-gra\ITE-gra\settings.cpp(304,18): warning C4305: "inicjowanie": obcięcie z "double" do "float"
C:\Users\agpod\Desktop\ITE-gra\ITE-gra\ITE-gra\settings.cpp(315,45): warning C4244: "argument": konwersja z "float" do "int", możliwa utrata danych
C:\Users\agpod\Desktop\ITE-gra\ITE-gra\ITE-gra\settings.cpp(315,34): warning C4244: "argument": konwersja z "float" do "int", możliwa utrata danych
C:\Users\agpod\Desktop\ITE-gra\ITE-gra\ITE-gra\settings.cpp(315,22): warning C4244: "argument": konwersja z "float" do "int", możliwa utrata danych
C:\Users\agpod\Desktop\ITE-gra\ITE-gra\ITE-gra\settings.cpp(316,62): warning C4244: "argument": konwersja z "float" do "int", możliwa utrata danych
C:\Users\agpod\Desktop\ITE-gra\ITE-gra\ITE-gra\settings.cpp(316,49): warning C4244: "argument": konwersja z "float" do "int", możliwa utrata danych
C:\Users\agpod\Desktop\ITE-gra\ITE-gra\ITE-gra\settings.cpp(316,36): warning C4244: "argument": konwersja z "float" do "int", możliwa utrata danych
C:\Users\agpod\Desktop\ITE-gra\ITE-gra\ITE-gra\settings.cpp(316,24): warning C4244: "argument": konwersja z "float" do "int", możliwa utrata danych
C:\Users\agpod\Desktop\ITE-gra\ITE-gra\ITE-gra\settings.cpp(317,50): warning C4244: "argument": konwersja z "float" do "int", możliwa utrata danych
C:\Users\agpod\Desktop\ITE-gra\ITE-gra\ITE-gra\settings.cpp(317,38): warning C4244: "argument": konwersja z "float" do "int", możliwa utrata danych
C:\Users\agpod\Desktop\ITE-gra\ITE-gra\ITE-gra\settings.cpp(317,25): warning C4244: "argument": konwersja z "float" do "int", możliwa utrata danych
C:\Users\agpod\Desktop\ITE-gra\ITE-gra\ITE-gra\settings.cpp(318,41): warning C4244: "argument": konwersja z "float" do "int", możliwa utrata danych
C:\Users\agpod\Desktop\ITE-gra\ITE-gra\ITE-gra\settings.cpp(318,28): warning C4244: "argument": konwersja z "float" do "int", możliwa utrata danych
C:\Users\agpod\Desktop\ITE-gra\ITE-gra\ITE-gra\settings.cpp(319,54): warning C4244: "argument": konwersja z "float" do "int", możliwa utrata danych
C:\Users\agpod\Desktop\ITE-gra\ITE-gra\ITE-gra\settings.cpp(319,42): warning C4244: "argument": konwersja z "float" do "int", możliwa utrata danych
C:\Users\agpod\Desktop\ITE-gra\ITE-gra\ITE-gra\settings.cpp(319,29): warning C4244: "argument": konwersja z "float" do "int", możliwa utrata danych
C:\Users\agpod\Desktop\ITE-gra\ITE-gra\ITE-gra\settings.cpp(320,38): warning C4244: "argument": konwersja z "float" do "int", możliwa utrata danych
C:\Users\agpod\Desktop\ITE-gra\ITE-gra\ITE-gra\settings.cpp(320,26): warning C4244: "argument": konwersja z "float" do "int", możliwa utrata danych
C:\Users\agpod\Desktop\ITE-gra\ITE-gra\ITE-gra\settings.cpp(321,55): warning C4244: "argument": konwersja z "float" do "int", możliwa utrata danych
C:\Users\agpod\Desktop\ITE-gra\ITE-gra\ITE-gra\settings.cpp(321,43): warning C4244: "argument": konwersja z "float" do "int", możliwa utrata danych
C:\Users\agpod\Desktop\ITE-gra\ITE-gra\ITE-gra\settings.cpp(321,29): warning C4244: "argument": konwersja z "float" do "int", możliwa utrata danych
C:\Users\agpod\Desktop\ITE-gra\ITE-gra\ITE-gra\settings.cpp(322,34): warning C4244: "argument": konwersja z "float" do "int", możliwa utrata danych
C:\Users\agpod\Desktop\ITE-gra\ITE-gra\ITE-gra\settings.cpp(322,22): warning C4244: "argument": konwersja z "float" do "int", możliwa utrata danych
C:\Users\agpod\Desktop\ITE-gra\ITE-gra\ITE-gra\settings.cpp(335,20): warning C4305: "-=": obcięcie z "double" do "float"
  Generowanie kodu...
C:\Users\agpod\Desktop\ITE-gra\ITE-gra\ITE-gra\game.cpp(614,1): warning C4715: "Game::pause”: niewszystkie ścieżki kodu zwracają wartość
  LINK : nie znaleziono elementu C:\Users\agpod\Desktop\ITE-gra\ITE-gra\x64\Debug\ITE-gra.exe ani nie został on skompilowany podczas ostatniego konsolidowania przyrostowego; zostanie wykonana pełna konsolidacja
  ITE-gra.vcxproj -> C:\Users\agpod\Desktop\ITE-gra\ITE-gra\x64\Debug\ITE-gra.exe
  'pwsh.exe' is not recognized as an internal or external command,
  operable program or batch file.
